<?xml version="1.0" encoding="UTF-8" standalone="no"?>
<!DOCTYPE log SYSTEM "logger.dtd">
<log>
<record>
  <date>2022-11-03T08:50:39.328-0300</date>
  <logger>VICTOR HUGO DA SILVA RANGEL</logger>
  <level>FINE</level>
  <message>File 117210701-VICTOR HUGO DA SILVA RANGEL.zip was received. It was sent by VICTOR HUGO DA SILVA RANGEL from IP 150.165.74.51 at 03-11-2022 08*50*39</message>
</record>
</log>
<?xml version="1.0" encoding="UTF-8" standalone="no"?>
<!DOCTYPE log SYSTEM "logger.dtd">
<log>
<record>
  <date>2022-11-03T15:28:45.478-0300</date>
  <logger>VICTOR HUGO DA SILVA RANGEL</logger>
  <level>FINE</level>
  <message>File 117210701-VICTOR HUGO DA SILVA RANGEL.zip was received. It was sent by VICTOR HUGO DA SILVA RANGEL from IP 192.168.0.178 at 03-11-2022 15*28*45</message>
</record>
</log>
<?xml version="1.0" encoding="UTF-8" standalone="no"?>
<!DOCTYPE log SYSTEM "logger.dtd">
<log>
<record>
  <date>2022-11-03T15:54:31.554-0300</date>
  <logger>VICTOR HUGO DA SILVA RANGEL</logger>
  <level>FINE</level>
  <message>File 117210701-VICTOR HUGO DA SILVA RANGEL.zip was received. It was sent by VICTOR HUGO DA SILVA RANGEL from IP 192.168.0.178 at 03-11-2022 15*54*31</message>
</record>
