<?xml version="1.0" encoding="UTF-8" standalone="no"?>
<!DOCTYPE log SYSTEM "logger.dtd">
<log>
<record>
  <date>2022-10-20T10:15:52.130-0300</date>
  <logger>VICTOR HUGO DA SILVA RANGEL</logger>
  <level>FINE</level>
  <message>File 117210701-VICTOR HUGO DA SILVA RANGEL.zip was received. It was sent by VICTOR HUGO DA SILVA RANGEL from IP 150.165.42.105 at 20-10-2022 10*15*52</message>
</record>
</log>
<?xml version="1.0" encoding="UTF-8" standalone="no"?>
<!DOCTYPE log SYSTEM "logger.dtd">
<log>
<record>
  <date>2022-10-25T00:45:24.620-0300</date>
  <logger>VICTOR HUGO DA SILVA RANGEL</logger>
  <level>FINE</level>
  <message>File 117210701-VICTOR HUGO DA SILVA RANGEL.zip was received. It was sent by VICTOR HUGO DA SILVA RANGEL from IP 192.168.0.178 at 25-10-2022 00*45*24</message>
</record>
</log>
<?xml version="1.0" encoding="UTF-8" standalone="no"?>
<!DOCTYPE log SYSTEM "logger.dtd">
<log>
<record>
  <date>2022-10-25T04:03:04.165-0300</date>
  <logger>VICTOR HUGO DA SILVA RANGEL</logger>
  <level>FINE</level>
  <message>File 117210701-VICTOR HUGO DA SILVA RANGEL.zip was received. It was sent by VICTOR HUGO DA SILVA RANGEL from IP 192.168.0.178 at 25-10-2022 04*03*04</message>
</record>
</log>
<?xml version="1.0" encoding="UTF-8" standalone="no"?>
<!DOCTYPE log SYSTEM "logger.dtd">
<log>
<record>
  <date>2022-10-25T04:14:09.166-0300</date>
  <logger>VICTOR HUGO DA SILVA RANGEL</logger>
  <level>FINE</level>
  <message>File 117210701-VICTOR HUGO DA SILVA RANGEL.zip was received. It was sent by VICTOR HUGO DA SILVA RANGEL from IP 192.168.0.178 at 25-10-2022 04*14*09</message>
</record>
</log>
<?xml version="1.0" encoding="UTF-8" standalone="no"?>
<!DOCTYPE log SYSTEM "logger.dtd">
<log>
<record>
  <date>2022-10-25T04:30:04.720-0300</date>
  <logger>VICTOR HUGO DA SILVA RANGEL</logger>
  <level>FINE</level>
  <message>File 117210701-VICTOR HUGO DA SILVA RANGEL.zip was received. It was sent by VICTOR HUGO DA SILVA RANGEL from IP 192.168.0.178 at 25-10-2022 04*30*04</message>
</record>
